<?xml version="1.0" encoding="UTF-8"?>
<testng-results total="5" passed="5" failed="0" skipped="0">
  <reporter-output>
  </reporter-output>
  <suite started-at="2020-04-01T20:15:02Z" name="Default suite" finished-at="2020-04-01T20:15:59Z" duration-ms="57371">
    <groups>
    </groups>
    <test started-at="2020-04-01T20:15:02Z" name="Default test" finished-at="2020-04-01T20:15:59Z" duration-ms="57371">
      <class name="QA_Assignment.QA_Assignment.Assignment_Diwakar">
        <test-method is-config="true" signature="setUp()[pri:0, instance:QA_Assignment.QA_Assignment.Assignment_Diwakar@ca263c2]" started-at="2020-04-02T01:45:02Z" name="setUp" finished-at="2020-04-02T01:45:19Z" duration-ms="16785" status="PASS">
          <reporter-output>
          </reporter-output>
        </test-method> <!-- setUp -->
        <test-method signature="create_account()[pri:0, instance:QA_Assignment.QA_Assignment.Assignment_Diwakar@ca263c2]" started-at="2020-04-02T01:45:19Z" name="create_account" finished-at="2020-04-02T01:45:29Z" duration-ms="10254" status="PASS">
          <reporter-output>
          </reporter-output>
        </test-method> <!-- create_account -->
        <test-method signature="login()[pri:0, instance:QA_Assignment.QA_Assignment.Assignment_Diwakar@ca263c2]" started-at="2020-04-02T01:45:29Z" name="login" finished-at="2020-04-02T01:45:35Z" duration-ms="6240" status="PASS">
          <reporter-output>
          </reporter-output>
        </test-method> <!-- login -->
        <test-method signature="adding_product()[pri:0, instance:QA_Assignment.QA_Assignment.Assignment_Diwakar@ca263c2]" started-at="2020-04-02T01:45:35Z" name="adding_product" finished-at="2020-04-02T01:45:42Z" duration-ms="7254" status="PASS">
          <reporter-output>
          </reporter-output>
        </test-method> <!-- adding_product -->
        <test-method signature="checkout()[pri:0, instance:QA_Assignment.QA_Assignment.Assignment_Diwakar@ca263c2]" started-at="2020-04-02T01:45:42Z" name="checkout" finished-at="2020-04-02T01:45:56Z" duration-ms="13876" status="PASS">
          <reporter-output>
          </reporter-output>
        </test-method> <!-- checkout -->
        <test-method signature="order()[pri:0, instance:QA_Assignment.QA_Assignment.Assignment_Diwakar@ca263c2]" started-at="2020-04-02T01:45:56Z" name="order" finished-at="2020-04-02T01:45:59Z" duration-ms="2933" status="PASS">
          <reporter-output>
          </reporter-output>
        </test-method> <!-- order -->
      </class> <!-- QA_Assignment.QA_Assignment.Assignment_Diwakar -->
    </test> <!-- Default test -->
  </suite> <!-- Default suite -->
</testng-results>
